<?xml version="1.0" encoding="UTF-8"?>
<testng-results ignored="0" total="1" passed="1" failed="0" skipped="0">
  <reporter-output>
  </reporter-output>
  <suite started-at="2026-05-14T16:12:03 IST" name="Default suite" finished-at="2026-05-14T16:12:26 IST" duration-ms="23088">
    <groups>
    </groups>
    <test started-at="2026-05-14T16:12:03 IST" name="Default test" finished-at="2026-05-14T16:12:26 IST" duration-ms="23088">
      <class name="com.shopperStack.ShopperStackProduct">
        <test-method is-config="true" signature="configDB()[pri:0, instance:com.shopperStack.ShopperStackProduct@69453e37]" started-at="2026-05-14T16:12:02 IST" name="configDB" finished-at="2026-05-14T16:12:03 IST" duration-ms="692" status="PASS">
          <reporter-output>
          </reporter-output>
        </test-method> <!-- configDB -->
        <test-method is-config="true" signature="config()[pri:0, instance:com.shopperStack.ShopperStackProduct@69453e37]" started-at="2026-05-14T16:12:03 IST" name="config" finished-at="2026-05-14T16:12:03 IST" duration-ms="116" status="PASS">
          <reporter-output>
          </reporter-output>
        </test-method> <!-- config -->
        <test-method signature="GetProductTest()[pri:0, instance:com.shopperStack.ShopperStackProduct@69453e37]" started-at="2026-05-14T16:12:03 IST" name="GetProductTest" finished-at="2026-05-14T16:12:26 IST" duration-ms="22919" status="PASS">
          <reporter-output>
          </reporter-output>
        </test-method> <!-- GetProductTest -->
        <test-method is-config="true" signature="aftersuite()[pri:0, instance:com.shopperStack.ShopperStackProduct@69453e37]" started-at="2026-05-14T16:12:26 IST" name="aftersuite" finished-at="2026-05-14T16:12:26 IST" duration-ms="0" status="PASS">
          <reporter-output>
          </reporter-output>
        </test-method> <!-- aftersuite -->
      </class> <!-- com.shopperStack.ShopperStackProduct -->
    </test> <!-- Default test -->
  </suite> <!-- Default suite -->
</testng-results>
